2025-04-05 17:54:03,100 INFO    MainThread:23372 [wandb_setup.py:_flush():67] Current SDK version is 0.19.8
2025-04-05 17:54:03,101 INFO    MainThread:23372 [wandb_setup.py:_flush():67] Configure stats pid to 23372
2025-04-05 17:54:03,101 INFO    MainThread:23372 [wandb_setup.py:_flush():67] Loading settings from C:\Users\Olivier\.config\wandb\settings
2025-04-05 17:54:03,101 INFO    MainThread:23372 [wandb_setup.py:_flush():67] Loading settings from c:\Users\Olivier\Documents\GitHub\ssmh4\task1\wandb\settings
2025-04-05 17:54:03,101 INFO    MainThread:23372 [wandb_setup.py:_flush():67] Loading settings from environment variables
2025-04-05 17:54:03,101 INFO    MainThread:23372 [wandb_init.py:setup_run_log_directory():647] Logging user logs to c:\Users\Olivier\Documents\GitHub\ssmh4\task1\wandb\run-20250405_175403-61ui6gd2\logs\debug.log
2025-04-05 17:54:03,101 INFO    MainThread:23372 [wandb_init.py:setup_run_log_directory():648] Logging internal logs to c:\Users\Olivier\Documents\GitHub\ssmh4\task1\wandb\run-20250405_175403-61ui6gd2\logs\debug-internal.log
2025-04-05 17:54:03,101 INFO    MainThread:23372 [wandb_init.py:monkeypatch_ipython():599] configuring jupyter hooks <wandb.sdk.wandb_init._WandbInit object at 0x00000229FFC99550>
2025-04-05 17:54:03,102 INFO    MainThread:23372 [wandb_init.py:init():761] calling init triggers
2025-04-05 17:54:03,102 INFO    MainThread:23372 [wandb_init.py:init():766] wandb.init called with sweep_config: {}
config: {'base_model': 'xlm-roberta-large', 'train_data': 'data/train_data_SMM4H_2025_Task_1.csv', 'qlora_enabled': True, 'lora_target_modules': ['q_proj', 'v_proj'], 'batch_size_per_device': 2, 'gradient_accumulation': 16, 'effective_batch_size': 32, 'num_epochs': 5, 'learning_rate': 2e-05, 'max_length': 256, '_wandb': {}}
2025-04-05 17:54:03,102 INFO    MainThread:23372 [wandb_init.py:init():784] starting backend
2025-04-05 17:54:03,102 INFO    MainThread:23372 [wandb_init.py:init():788] sending inform_init request
2025-04-05 17:54:03,230 INFO    MainThread:23372 [backend.py:_multiprocessing_setup():101] multiprocessing start_methods=spawn, using: spawn
2025-04-05 17:54:03,230 INFO    MainThread:23372 [wandb_init.py:init():798] backend started and connected
2025-04-05 17:54:03,236 INFO    MainThread:23372 [wandb_run.py:_label_probe_notebook():1204] probe notebook
2025-04-05 17:54:03,237 INFO    MainThread:23372 [wandb_run.py:_label_probe_notebook():1214] Unable to probe notebook: 'charmap' codec can't decode byte 0x81 in position 116259: character maps to <undefined>
2025-04-05 17:54:03,237 INFO    MainThread:23372 [wandb_init.py:init():891] updated telemetry
2025-04-05 17:54:03,273 INFO    MainThread:23372 [wandb_init.py:init():915] communicating run to backend with 90.0 second timeout
2025-04-05 17:54:03,681 INFO    MainThread:23372 [wandb_init.py:init():990] starting run threads in backend
2025-04-05 17:54:04,177 INFO    MainThread:23372 [wandb_run.py:_console_start():2375] atexit reg
2025-04-05 17:54:04,177 INFO    MainThread:23372 [wandb_run.py:_redirect():2227] redirect: wrap_raw
2025-04-05 17:54:04,177 INFO    MainThread:23372 [wandb_run.py:_redirect():2292] Wrapping output streams.
2025-04-05 17:54:04,177 INFO    MainThread:23372 [wandb_run.py:_redirect():2315] Redirects installed.
2025-04-05 17:54:04,179 INFO    MainThread:23372 [wandb_init.py:init():1032] run started, returning control to user process
2025-04-05 17:54:12,735 INFO    MainThread:23372 [wandb_run.py:_config_callback():1261] config_cb None None {'class_weights': [0.5426468253135681, 6.362097263336182]}
2025-04-05 17:54:13,872 INFO    MainThread:23372 [jupyter.py:save_ipynb():386] not saving jupyter notebook
2025-04-05 17:54:13,872 INFO    MainThread:23372 [wandb_init.py:_pause_backend():564] pausing backend
2025-04-05 17:55:01,322 INFO    MainThread:23372 [wandb_init.py:_resume_backend():569] resuming backend
2025-04-05 17:55:01,337 INFO    MainThread:23372 [wandb_init.py:setup_run_log_directory():647] Logging user logs to c:\Users\Olivier\Documents\GitHub\ssmh4\task1\wandb\run-20250405_175501-f7mlhyqg\logs\debug.log
2025-04-05 17:55:01,338 INFO    MainThread:23372 [wandb_init.py:setup_run_log_directory():648] Logging internal logs to c:\Users\Olivier\Documents\GitHub\ssmh4\task1\wandb\run-20250405_175501-f7mlhyqg\logs\debug-internal.log
2025-04-05 17:55:01,338 INFO    MainThread:23372 [wandb_init.py:init():761] calling init triggers
2025-04-05 17:55:01,338 INFO    MainThread:23372 [wandb_init.py:init():766] wandb.init called with sweep_config: {}
config: {'base_model': 'xlm-roberta-large', 'train_data': 'data/train_data_SMM4H_2025_Task_1.csv', 'qlora_enabled': True, 'lora_target_modules': ['q_proj', 'v_proj'], 'batch_size_per_device': 2, 'gradient_accumulation': 16, 'effective_batch_size': 32, 'num_epochs': 5, 'learning_rate': 2e-05, 'max_length': 256, '_wandb': {}}
2025-04-05 17:55:01,338 INFO    MainThread:23372 [wandb_init.py:init():776] wandb.init() called while a run is active
2025-04-05 17:55:09,988 INFO    MainThread:23372 [wandb_run.py:_config_callback():1261] config_cb None None {'class_weights': [0.5426468253135681, 6.362097263336182]}
2025-04-05 17:55:10,256 INFO    MainThread:23372 [jupyter.py:save_ipynb():386] not saving jupyter notebook
2025-04-05 17:55:10,256 INFO    MainThread:23372 [wandb_init.py:_pause_backend():564] pausing backend
2025-04-05 17:56:15,154 INFO    MainThread:23372 [wandb_init.py:_resume_backend():569] resuming backend
2025-04-05 17:56:15,157 INFO    MainThread:23372 [jupyter.py:save_ipynb():386] not saving jupyter notebook
2025-04-05 17:56:15,157 INFO    MainThread:23372 [wandb_init.py:_pause_backend():564] pausing backend
2025-04-05 17:56:35,658 INFO    MainThread:23372 [wandb_init.py:_resume_backend():569] resuming backend
2025-04-05 17:56:35,738 INFO    MainThread:23372 [jupyter.py:save_ipynb():386] not saving jupyter notebook
2025-04-05 17:56:35,738 INFO    MainThread:23372 [wandb_init.py:_pause_backend():564] pausing backend
2025-04-05 17:56:40,081 INFO    MainThread:23372 [wandb_init.py:_resume_backend():569] resuming backend
2025-04-05 17:56:40,113 INFO    MainThread:23372 [jupyter.py:save_ipynb():386] not saving jupyter notebook
2025-04-05 17:56:40,113 INFO    MainThread:23372 [wandb_init.py:_pause_backend():564] pausing backend
2025-04-06 00:04:15,735 INFO    MainThread:23372 [wandb_init.py:_resume_backend():569] resuming backend
2025-04-06 00:04:15,738 INFO    MainThread:23372 [jupyter.py:save_ipynb():386] not saving jupyter notebook
2025-04-06 00:04:15,738 INFO    MainThread:23372 [wandb_init.py:_pause_backend():564] pausing backend
2025-04-06 00:04:17,480 INFO    MainThread:23372 [wandb_init.py:_resume_backend():569] resuming backend
2025-04-06 00:04:17,482 INFO    MainThread:23372 [jupyter.py:save_ipynb():386] not saving jupyter notebook
2025-04-06 00:04:17,482 INFO    MainThread:23372 [wandb_init.py:_pause_backend():564] pausing backend
2025-04-06 00:04:18,033 INFO    MainThread:23372 [wandb_init.py:_resume_backend():569] resuming backend
2025-04-06 00:04:18,035 INFO    MainThread:23372 [jupyter.py:save_ipynb():386] not saving jupyter notebook
2025-04-06 00:04:18,035 INFO    MainThread:23372 [wandb_init.py:_pause_backend():564] pausing backend
2025-04-06 00:04:54,841 INFO    MainThread:23372 [wandb_init.py:_resume_backend():569] resuming backend
2025-04-06 00:04:57,468 INFO    MainThread:23372 [jupyter.py:save_ipynb():386] not saving jupyter notebook
2025-04-06 00:04:57,469 INFO    MainThread:23372 [wandb_init.py:_pause_backend():564] pausing backend
2025-04-06 00:05:05,976 INFO    MainThread:23372 [wandb_init.py:_resume_backend():569] resuming backend
2025-04-06 00:05:05,978 INFO    MainThread:23372 [jupyter.py:save_ipynb():386] not saving jupyter notebook
2025-04-06 00:05:05,978 INFO    MainThread:23372 [wandb_init.py:_pause_backend():564] pausing backend
2025-04-06 00:05:32,740 INFO    MainThread:23372 [wandb_init.py:_resume_backend():569] resuming backend
2025-04-06 00:05:32,745 INFO    MainThread:23372 [jupyter.py:save_ipynb():386] not saving jupyter notebook
2025-04-06 00:05:32,745 INFO    MainThread:23372 [wandb_init.py:_pause_backend():564] pausing backend
2025-04-06 00:05:39,464 INFO    MainThread:23372 [wandb_init.py:_resume_backend():569] resuming backend
2025-04-06 00:05:39,491 INFO    MainThread:23372 [jupyter.py:save_ipynb():386] not saving jupyter notebook
2025-04-06 00:05:39,492 INFO    MainThread:23372 [wandb_init.py:_pause_backend():564] pausing backend
2025-04-06 00:05:42,109 INFO    MainThread:23372 [wandb_init.py:_resume_backend():569] resuming backend
2025-04-06 00:05:42,139 INFO    MainThread:23372 [jupyter.py:save_ipynb():386] not saving jupyter notebook
2025-04-06 00:05:42,139 INFO    MainThread:23372 [wandb_init.py:_pause_backend():564] pausing backend
2025-04-06 00:05:45,132 INFO    MainThread:23372 [wandb_init.py:_resume_backend():569] resuming backend
2025-04-06 00:05:45,136 INFO    MainThread:23372 [jupyter.py:save_ipynb():386] not saving jupyter notebook
2025-04-06 00:05:45,136 INFO    MainThread:23372 [wandb_init.py:_pause_backend():564] pausing backend
2025-04-06 00:06:24,797 INFO    MainThread:23372 [wandb_init.py:_resume_backend():569] resuming backend
2025-04-06 00:06:24,798 INFO    MainThread:23372 [jupyter.py:save_ipynb():386] not saving jupyter notebook
2025-04-06 00:06:24,798 INFO    MainThread:23372 [wandb_init.py:_pause_backend():564] pausing backend
2025-04-06 00:06:51,642 INFO    MainThread:23372 [wandb_init.py:_resume_backend():569] resuming backend
2025-04-06 00:06:51,646 INFO    MainThread:23372 [jupyter.py:save_ipynb():386] not saving jupyter notebook
2025-04-06 00:06:51,647 INFO    MainThread:23372 [wandb_init.py:_pause_backend():564] pausing backend
2025-04-06 00:07:41,189 INFO    MainThread:23372 [wandb_init.py:_resume_backend():569] resuming backend
2025-04-06 00:07:41,226 INFO    MainThread:23372 [jupyter.py:save_ipynb():386] not saving jupyter notebook
2025-04-06 00:07:41,227 INFO    MainThread:23372 [wandb_init.py:_pause_backend():564] pausing backend
2025-04-06 00:08:25,584 WARNING MsgRouterThr:23372 [router.py:message_loop():63] message_loop has been closed
Traceback (most recent call last):
  File "c:\Users\Olivier\AppData\Local\Programs\Python\Python312\Lib\site-packages\wandb\sdk\lib\sock_client.py", line 208, in _read_packet_bytes
    data = self._sock.recv(self._bufsize)
           ^^^^^^^^^^^^^^^^^^^^^^^^^^^^^^
ConnectionResetError: [WinError 10054] Une connexion existante a dû être fermée par l’hôte distant

The above exception was the direct cause of the following exception:

Traceback (most recent call last):
  File "c:\Users\Olivier\AppData\Local\Programs\Python\Python312\Lib\site-packages\wandb\sdk\interface\router_sock.py", line 27, in _read_message
    return self._sock_client.read_server_response(timeout=1)
           ^^^^^^^^^^^^^^^^^^^^^^^^^^^^^^^^^^^^^^^^^^^^^^^^^
  File "c:\Users\Olivier\AppData\Local\Programs\Python\Python312\Lib\site-packages\wandb\sdk\lib\sock_client.py", line 235, in read_server_response
    data = self._read_packet_bytes(timeout=timeout)
           ^^^^^^^^^^^^^^^^^^^^^^^^^^^^^^^^^^^^^^^^
  File "c:\Users\Olivier\AppData\Local\Programs\Python\Python312\Lib\site-packages\wandb\sdk\lib\sock_client.py", line 212, in _read_packet_bytes
    raise SockClientClosedError from e
wandb.sdk.lib.sock_client.SockClientClosedError

The above exception was the direct cause of the following exception:

Traceback (most recent call last):
  File "c:\Users\Olivier\AppData\Local\Programs\Python\Python312\Lib\site-packages\wandb\sdk\interface\router.py", line 56, in message_loop
    msg = self._read_message()
          ^^^^^^^^^^^^^^^^^^^^
  File "c:\Users\Olivier\AppData\Local\Programs\Python\Python312\Lib\site-packages\wandb\sdk\interface\router_sock.py", line 29, in _read_message
    raise MessageRouterClosedError from e
wandb.sdk.interface.router.MessageRouterClosedError
2025-04-06 00:08:25,612 INFO    MsgRouterThr:23372 [mailbox.py:close():129] Closing mailbox, abandoning 1 handles.
